Flutter crash report.
Please report a bug at https://github.com/flutter/flutter/issues.

## command

flutter run

## exception

DartDevelopmentServiceException: DartDevelopmentServiceException: Failed to start Dart Development Service

```
```

## flutter doctor

```
[32m[✓][39m Flutter (Channel stable, 3.38.5, on Microsoft Windows
    [Version 10.0.26200.7840], locale en-IN) [279ms]
    [32m•[39m Flutter version 3.38.5 on channel stable at
      C:\Users\Shaik
      Nagurvali\Downloads\flutter_windows_3.38.5-stable\fl
      utter
    [32m•[39m Upstream repository
      https://github.com/flutter/flutter.git
    [32m•[39m Framework revision f6ff1529fd (3 months ago),
      2025-12-11 11:50:07 -0500
    [32m•[39m Engine revision 1527ae0ec5
    [32m•[39m Dart version 3.10.4
    [32m•[39m DevTools version 2.51.1
    [32m•[39m Feature flags: enable-web, enable-linux-desktop,
      enable-macos-desktop, enable-windows-desktop,
      enable-android, enable-ios, cli-animations,
      enable-native-assets, omit-legacy-version-file,
      enable-lldb-debugging

[32m[✓][39m Windows Version (11 Home 64-bit, 25H2, 2009) [1,327ms]

[31m[✗][39m Android toolchain - develop for Android devices
    [681ms]
    [32m•[39m Android SDK at C:\Users\Shaik
      Nagurvali\AppData\Local\Android\sdk
    [32m•[39m Emulator version 35.3.12.0 (build_id 12990079)
      (CL:N/A)
    [31m✗[39m cmdline-tools component is missing.
      Try installing or updating Android Studio.
      Alternatively, download the tools from
      https://developer.android.com/studio#command-line-to
      ols-only and make sure to set the ANDROID_HOME
      environment variable.
      See
      https://developer.android.com/studio/command-line
      for more details.

[32m[✓][39m Chrome - develop for the web [5ms]
    [32m•[39m Chrome at C:\Program
      Files\Google\Chrome\Application\chrome.exe

[31m[✗][39m Visual Studio - develop Windows apps [4ms]
    [31m✗[39m Visual Studio not installed; this is necessary to
      develop Windows apps.
      Download at
      https://visualstudio.microsoft.com/downloads/.
      Please install the "Desktop development with C++"
      workload, including all of its default components

[32m[✓][39m Connected device (3 available) [127ms]
    [32m•[39m Windows (desktop) • windows • windows-x64    •
      Microsoft Windows [Version 10.0.26200.7840]
    [32m•[39m Chrome (web)      • chrome  • web-javascript •
      Google Chrome 145.0.7632.110
    [32m•[39m Edge (web)        • edge    • web-javascript •
      Microsoft Edge 144.0.3719.115

[32m[✓][39m Network resources [470ms]
    [32m•[39m All expected network resources are available.

[33m![39m Doctor found issues in 2 categories.
```
